
[INFO ] 2025-05-27 00:43:38.836 utils.listeners.TestListener 116 - ##### Test Cases Started ##### [Test worker]

[INFO ] 2025-05-27 00:43:39.325 finology.stepDefns.Hooks 25 - ##### Test Cases Started ##### [TestNG-test-Test case execution on Chrome browser-1]

[INFO ] 2025-05-27 00:44:37.916 utils.listeners.TestListener 121 - ##### Test Cases Ended ##### [Test worker]

[INFO ] 2025-05-27 01:00:15.871 utils.listeners.TestListener 116 - ##### Test Cases Started ##### [Test worker]

[INFO ] 2025-05-27 01:00:16.350 finology.stepDefns.Hooks 25 - ##### Test Cases Started ##### [TestNG-test-Test case execution on Chrome browser-1]

[INFO ] 2025-05-27 01:01:18.777 utils.listeners.TestListener 121 - ##### Test Cases Ended ##### [Test worker]

[INFO ] 2025-05-27 01:05:12.674 utils.listeners.TestListener 116 - ##### Test Cases Started ##### [Test worker]

[INFO ] 2025-05-27 01:05:13.171 finology.stepDefns.Hooks 25 - ##### Test Cases Started ##### [TestNG-test-Test case execution on Chrome browser-1]

[INFO ] 2025-05-27 01:06:10.181 utils.listeners.TestListener 121 - ##### Test Cases Ended ##### [Test worker]

[INFO ] 2025-05-27 01:07:14.093 utils.listeners.TestListener 116 - ##### Test Cases Started ##### [Test worker]

[INFO ] 2025-05-27 01:07:14.548 finology.stepDefns.Hooks 25 - ##### Test Cases Started ##### [TestNG-test-Test case execution on Chrome browser-1]

[INFO ] 2025-05-27 01:08:09.988 utils.listeners.TestListener 121 - ##### Test Cases Ended ##### [Test worker]

[INFO ] 2025-05-27 01:09:45.473 utils.listeners.TestListener 116 - ##### Test Cases Started ##### [Test worker]

[INFO ] 2025-05-27 01:09:45.934 finology.stepDefns.Hooks 25 - ##### Test Cases Started ##### [TestNG-test-Test case execution on Chrome browser-1]

[INFO ] 2025-05-27 01:11:49.557 utils.listeners.TestListener 116 - ##### Test Cases Started ##### [Test worker]

[INFO ] 2025-05-27 01:11:50.036 finology.stepDefns.Hooks 25 - ##### Test Cases Started ##### [TestNG-test-Test case execution on Chrome browser-1]

[INFO ] 2025-05-27 01:12:52.956 utils.listeners.TestListener 121 - ##### Test Cases Ended ##### [Test worker]

[INFO ] 2025-05-27 01:13:36.669 utils.listeners.TestListener 116 - ##### Test Cases Started ##### [Test worker]

[INFO ] 2025-05-27 01:13:37.113 finology.stepDefns.Hooks 25 - ##### Test Cases Started ##### [TestNG-test-Test case execution on Chrome browser-1]

[INFO ] 2025-05-27 01:17:18.787 utils.listeners.TestListener 121 - ##### Test Cases Ended ##### [Test worker]

[INFO ] 2025-05-27 01:23:00.290 utils.listeners.TestListener 116 - ##### Test Cases Started ##### [Test worker]

[INFO ] 2025-05-27 01:23:01.118 finology.stepDefns.Hooks 25 - ##### Test Cases Started ##### [TestNG-test-Test case execution on Chrome browser-1]

[INFO ] 2025-05-27 01:24:47.133 utils.listeners.TestListener 121 - ##### Test Cases Ended ##### [Test worker]

[INFO ] 2025-05-27 01:32:19.282 utils.listeners.TestListener 116 - ##### Test Cases Started ##### [Test worker]

[INFO ] 2025-05-27 01:32:20.045 finology.stepDefns.Hooks 25 - ##### Test Cases Started ##### [TestNG-test-Test case execution on Chrome browser-1]

[WARN ] 2025-05-27 01:34:12.960 finology.utils.Base 176 - in.finology.stepDefns.Hooks afterScenario 147 : callerInfo : features.signUp.feature_71_FAILED : Taking screenshot at capture : Fail : no such window: target window already closed [TestNG-PoolService-6]

[WARN ] 2025-05-27 01:34:12.971 finology.utils.Base 176 - in.finology.utils.Base logWarningInExtentReport 155 : callerInfo : java.lang.Thread run 1583  - WARN : Taking screenshot at capture : Fail : no such window: target window already closed [TestNG-PoolService-6]

[WARN ] 2025-05-27 01:34:12.980 finology.utils.Base 176 - in.finology.utils.Base logWarningInExtentReport 159 : callerInfo : com.aventstack.extentreports.MediaEntityBuilder createScreenCaptureFromPath 41 - WARN : Taking screenshot at capture : Fail : no such window: target window already closed [TestNG-PoolService-6]

[INFO ] 2025-05-27 01:34:22.284 utils.listeners.TestListener 121 - ##### Test Cases Ended ##### [Test worker]

[INFO ] 2025-05-27 01:38:20.306 utils.listeners.TestListener 116 - ##### Test Cases Started ##### [Test worker]

[INFO ] 2025-05-27 01:38:21.057 finology.stepDefns.Hooks 25 - ##### Test Cases Started ##### [TestNG-test-Test case execution on Chrome browser-1]

[WARN ] 2025-05-27 01:41:40.623 finology.utils.Base 176 - in.finology.utils.CustomAsserts testFail 138 : callerInfo : in.finology.stepDefns.Login_Steps_54 : Taking screenshot at capture : Fail : invalid session id [TestNG-PoolService-9]

[WARN ] 2025-05-27 01:41:40.643 finology.utils.Base 176 - in.finology.stepDefns.Hooks afterScenario 147 : callerInfo : features.login.feature_40_FAILED : Taking screenshot at capture : Fail : invalid session id [TestNG-PoolService-9]

[WARN ] 2025-05-27 01:41:40.648 finology.utils.Base 176 - in.finology.utils.Base logWarningInExtentReport 155 : callerInfo : java.lang.Thread run 1583  - WARN : Taking screenshot at capture : Fail : invalid session id [TestNG-PoolService-9]

[WARN ] 2025-05-27 01:41:40.652 finology.utils.Base 176 - in.finology.utils.Base logWarningInExtentReport 159 : callerInfo : com.aventstack.extentreports.MediaEntityBuilder createScreenCaptureFromPath 41 - WARN : Taking screenshot at capture : Fail : invalid session id [TestNG-PoolService-9]

[INFO ] 2025-05-27 01:41:46.798 utils.listeners.TestListener 121 - ##### Test Cases Ended ##### [Test worker]

[INFO ] 2025-05-27 14:25:21.565 utils.listeners.TestListener 116 - ##### Test Cases Started ##### [Test worker]

[INFO ] 2025-05-27 14:25:22.050 finology.stepDefns.Hooks 25 - ##### Test Cases Started ##### [TestNG-test-Test case execution on Chrome browser-1]

[INFO ] 2025-05-27 14:28:57.498 utils.listeners.TestListener 121 - ##### Test Cases Ended ##### [Test worker]
