<!DOCTYPE HTML PUBLIC "-//W3C//DTD HTML 4.01 Transitional//EN" "http://www.w3.org/TR/html4/loose.dtd">
<html>
<head>
<meta charset="UTF-8"/>
<title>Finology Application Log</title>
<style type="text/css">
<!--
body, table {font-family:arial,sans-serif; font-size: medium
;}th {background: #336699; color: #FFFFFF; text-align: left;}
-->
</style>
</head>
<body bgcolor="#FFFFFF" topmargin="6" leftmargin="6">
<hr size="1" noshade="noshade">
Log session start time Mon Jun 16 20:05:40 IST 2025<br>
<br>
<table cellspacing="0" cellpadding="4" border="1" bordercolor="#224466" width="100%">
<tr>
<th>Time</th>
<th>Thread</th>
<th>Level</th>
<th>Logger</th>
<th>File:Line</th>
<th>Message</th>
</tr>

<tr>
<td>23752</td>
<td title="TestNG-PoolService-5 thread">TestNG-PoolService-5</td>
<td title="Level">INFO</td>
<td title="in.finology.stepDefns.Hooks logger">in.finology.stepDefns.Hooks</td>
<td>Base.java:140</td>
<td title="Message">Test Case Finished features/login.feature : Unsuccessful login with invalid or empty mobile number : 18 : @login, @unsuccessful_login : PASSED Examples  :: mobile number = , message = *Required, </td>
</tr>

<tr>
<td>38412</td>
<td title="TestNG-PoolService-3 thread">TestNG-PoolService-3</td>
<td title="Level"><font color="#993300"><strong>WARN</strong></font></td>
<td title="in.finology.pages.AccountDashboardPage logger">in.finology.pages.AccountDashboardPage</td>
<td>Base.java:162</td>
<td title="Message">org.openqa.selenium.TimeoutException Throwable Message : Expected condition failed: waiting for url to be &quot;https://www.finology.in/account/dashboard&quot;. Current url: &quot;https://www.finology.in/login/auth&quot; (tried for 15 second(s) with 500 milliseconds interval)<br /> #1 org.openqa.selenium.support.ui.FluentWait until 228 #2 in.finology.pages.AccountDashboardPage verifyOnDashboardPage 114 Exception while verifying on Account Dashboard Page #3 in.finology.stepDefns.AccountDashboard_Steps userIsLoggedInAndOnAccountDashboardPage 16 - WARNING</td>
</tr>

<tr>
<td>40003</td>
<td title="TestNG-PoolService-2 thread">TestNG-PoolService-2</td>
<td title="Level"><font color="#993300"><strong>WARN</strong></font></td>
<td title="in.finology.pages.AccountDashboardPage logger">in.finology.pages.AccountDashboardPage</td>
<td>Base.java:162</td>
<td title="Message">org.openqa.selenium.TimeoutException Throwable Message : Expected condition failed: waiting for url to be &quot;https://www.finology.in/account/dashboard&quot;. Current url: &quot;https://www.finology.in/login/auth&quot; (tried for 15 second(s) with 500 milliseconds interval)<br /> #1 org.openqa.selenium.support.ui.FluentWait until 228 #2 in.finology.pages.AccountDashboardPage verifyOnDashboardPage 114 Exception while verifying on Account Dashboard Page #3 in.finology.stepDefns.AccountDashboard_Steps userIsLoggedInAndOnAccountDashboardPage 16 - WARNING</td>
</tr>

<tr>
<td>40143</td>
<td title="TestNG-PoolService-3 thread">TestNG-PoolService-3</td>
<td title="Level"><font color="#993300"><strong>WARN</strong></font></td>
<td title="in.finology.utils.CustomAsserts logger">in.finology.utils.CustomAsserts</td>
<td>CustomAsserts.java:124</td>
<td title="Message">Custom Assert : java.lang.AssertionError Throwable Message : expected [true] but found [false] User is on Dashboard Page and logged in<br /> #1 org.testng.Assert assertTrue 67 #2 in.finology.utils.CustomAsserts assertTrue 14 #3 in.finology.stepDefns.AccountDashboard_Steps userIsLoggedInAndOnAccountDashboardPage 16 - WARNING</td>
</tr>

<tr>
<td>40800</td>
<td title="TestNG-PoolService-2 thread">TestNG-PoolService-2</td>
<td title="Level"><font color="#993300"><strong>WARN</strong></font></td>
<td title="in.finology.utils.CustomAsserts logger">in.finology.utils.CustomAsserts</td>
<td>CustomAsserts.java:124</td>
<td title="Message">Custom Assert : java.lang.AssertionError Throwable Message : expected [true] but found [false] User is on Dashboard Page and logged in<br /> #1 org.testng.Assert assertTrue 67 #2 in.finology.utils.CustomAsserts assertTrue 14 #3 in.finology.stepDefns.AccountDashboard_Steps userIsLoggedInAndOnAccountDashboardPage 16 - WARNING</td>
</tr>

<tr>
<td>43340</td>
<td title="TestNG-PoolService-10 thread">TestNG-PoolService-10</td>
<td title="Level"><font color="#993300"><strong>WARN</strong></font></td>
<td title="in.finology.pages.AccountDashboardPage logger">in.finology.pages.AccountDashboardPage</td>
<td>Base.java:162</td>
<td title="Message">org.openqa.selenium.TimeoutException Throwable Message : Expected condition failed: waiting for url to be &quot;https://www.finology.in/account/dashboard&quot;. Current url: &quot;https://www.finology.in/login/auth&quot; (tried for 15 second(s) with 500 milliseconds interval)<br /> #1 org.openqa.selenium.support.ui.FluentWait until 228 #2 in.finology.pages.AccountDashboardPage verifyOnDashboardPage 114 Exception while verifying on Account Dashboard Page #3 in.finology.stepDefns.AccountDashboard_Steps user_should_be_redirected_to_account_dashboard_page 21 - WARNING</td>
</tr>

<tr>
<td>43786</td>
<td title="TestNG-PoolService-10 thread">TestNG-PoolService-10</td>
<td title="Level"><font color="#993300"><strong>WARN</strong></font></td>
<td title="in.finology.utils.CustomAsserts logger">in.finology.utils.CustomAsserts</td>
<td>CustomAsserts.java:124</td>
<td title="Message">Custom Assert : java.lang.AssertionError Throwable Message : expected [true] but found [false] User is on Account Dashboard Page<br /> #1 org.testng.Assert assertTrue 67 #2 in.finology.utils.CustomAsserts assertTrue 14 #3 in.finology.stepDefns.AccountDashboard_Steps user_should_be_redirected_to_account_dashboard_page 21 - WARNING</td>
</tr>

<tr>
<td>43787</td>
<td title="TestNG-PoolService-3 thread">TestNG-PoolService-3</td>
<td title="Level">INFO</td>
<td title="in.finology.stepDefns.Hooks logger">in.finology.stepDefns.Hooks</td>
<td>Base.java:140</td>
<td title="Message">Test Case Finished features/accountdashboard.feature : Welcome message should be displayed on dashboard page : 27 : @account_dashboard : FAILED Examples  :: </td>
</tr>

<tr>
<td>43982</td>
<td title="TestNG-PoolService-2 thread">TestNG-PoolService-2</td>
<td title="Level">INFO</td>
<td title="in.finology.stepDefns.Hooks logger">in.finology.stepDefns.Hooks</td>
<td>Base.java:140</td>
<td title="Message">Test Case Finished features/accountdashboard.feature : All user photo element should be displayed on dashboard page : 14 : @account_dashboard : FAILED Examples  :: </td>
</tr>

<tr>
<td>44717</td>
<td title="TestNG-PoolService-9 thread">TestNG-PoolService-9</td>
<td title="Level">INFO</td>
<td title="in.finology.stepDefns.Hooks logger">in.finology.stepDefns.Hooks</td>
<td>Base.java:140</td>
<td title="Message">Test Case Finished features/login.feature : Successful login with registered mobile number, email and password by clicking Login with Email button : 55 : @login, @successful_login2 : PASSED Examples  :: password = finTestUserAcology, mobile number or email = 5846975120, </td>
</tr>

<tr>
<td>45340</td>
<td title="TestNG-PoolService-10 thread">TestNG-PoolService-10</td>
<td title="Level">INFO</td>
<td title="in.finology.stepDefns.Hooks logger">in.finology.stepDefns.Hooks</td>
<td>Base.java:140</td>
<td title="Message">Test Case Finished features/login.feature : Successful login with registered mobile number, email and password by clicking Login with Email button : 56 : @login, @successful_login2 : FAILED Examples  :: password = finTestUserAcology, mobile number or email = testtuserac121@gmail.com, </td>
</tr>

<tr>
<td>49299</td>
<td title="TestNG-PoolService-4 thread">TestNG-PoolService-4</td>
<td title="Level">INFO</td>
<td title="in.finology.stepDefns.Hooks logger">in.finology.stepDefns.Hooks</td>
<td>Base.java:140</td>
<td title="Message">Test Case Finished features/login.feature : Unsuccessful login with invalid or empty mobile number : 17 : @login, @unsuccessful_login : PASSED Examples  :: mobile number = @$#637*, message = Invalid Mobile, </td>
</tr>

<tr>
<td>52097</td>
<td title="TestNG-PoolService-8 thread">TestNG-PoolService-8</td>
<td title="Level">INFO</td>
<td title="in.finology.stepDefns.Hooks logger">in.finology.stepDefns.Hooks</td>
<td>Base.java:140</td>
<td title="Message">Test Case Finished features/login.feature : Successful login with registered mobile number, email and password : 40 : @login, @successful_login : PASSED Examples  :: password = finTestUserAcology, mobile number = 5846975120, mobile number or email = testuserac121@gmail.com, </td>
</tr>

<tr>
<td>80211</td>
<td title="TestNG-PoolService-7 thread">TestNG-PoolService-7</td>
<td title="Level">INFO</td>
<td title="in.finology.stepDefns.Hooks logger">in.finology.stepDefns.Hooks</td>
<td>Base.java:140</td>
<td title="Message">Test Case Finished features/login.feature : Successful login with registered mobile number, email and password : 39 : @login, @successful_login : PASSED Examples  :: password = finTestUserAcology, mobile number = 5846975120, mobile number or email = 5846975120, </td>
</tr>

<tr>
<td>80841</td>
<td title="TestNG-PoolService-1 thread">TestNG-PoolService-1</td>
<td title="Level"><font color="#993300"><strong>WARN</strong></font></td>
<td title="in.finology.pages.AccountDashboardPage logger">in.finology.pages.AccountDashboardPage</td>
<td>Base.java:162</td>
<td title="Message">org.openqa.selenium.TimeoutException Throwable Message : Expected condition failed: waiting for url to be &quot;https://www.finology.in/account/dashboard&quot;. Current url: &quot;https://www.finology.in/login/auth&quot; (tried for 15 second(s) with 500 milliseconds interval)<br /> #1 org.openqa.selenium.support.ui.FluentWait until 228 #2 in.finology.pages.AccountDashboardPage verifyOnDashboardPage 114 Exception while verifying on Account Dashboard Page #3 in.finology.stepDefns.AccountDashboard_Steps userIsLoggedInAndOnAccountDashboardPage 16 - WARNING</td>
</tr>

<tr>
<td>81031</td>
<td title="TestNG-PoolService-1 thread">TestNG-PoolService-1</td>
<td title="Level"><font color="#993300"><strong>WARN</strong></font></td>
<td title="in.finology.utils.CustomAsserts logger">in.finology.utils.CustomAsserts</td>
<td>CustomAsserts.java:124</td>
<td title="Message">Custom Assert : java.lang.AssertionError Throwable Message : expected [true] but found [false] User is on Dashboard Page and logged in<br /> #1 org.testng.Assert assertTrue 67 #2 in.finology.utils.CustomAsserts assertTrue 14 #3 in.finology.stepDefns.AccountDashboard_Steps userIsLoggedInAndOnAccountDashboardPage 16 - WARNING</td>
</tr>

<tr>
<td>81496</td>
<td title="TestNG-PoolService-1 thread">TestNG-PoolService-1</td>
<td title="Level">INFO</td>
<td title="in.finology.stepDefns.Hooks logger">in.finology.stepDefns.Hooks</td>
<td>Base.java:140</td>
<td title="Message">Test Case Finished features/accountdashboard.feature : All dashboard element should be displayed on dashboard page : 8 : @account_dashboard : FAILED Examples  :: </td>
</tr>

<tr>
<td>86931</td>
<td title="TestNG-PoolService-6 thread">TestNG-PoolService-6</td>
<td title="Level">INFO</td>
<td title="in.finology.stepDefns.Hooks logger">in.finology.stepDefns.Hooks</td>
<td>Base.java:140</td>
<td title="Message">Test Case Finished features/login.feature : Unsuccessful login with new mobile number : 21 : @login, @unsuccessful_login_with_new_mobile : PASSED Examples  :: </td>
</tr>

<tr>
<td>90030</td>
<td title="TestNG-PoolService-8 thread">TestNG-PoolService-8</td>
<td title="Level"><font color="#993300"><strong>WARN</strong></font></td>
<td title="in.finology.pages.OTPVerificationPage logger">in.finology.pages.OTPVerificationPage</td>
<td>Base.java:162</td>
<td title="Message">org.openqa.selenium.TimeoutException Throwable Message : Expected condition failed: waiting for url to contain &quot;https://www.finology.in/verification&quot;. Current url: &quot;https://www.finology.in/signup&quot; (tried for 5 second(s) with 500 milliseconds interval)<br /> #1 org.openqa.selenium.support.ui.FluentWait until 228 #2 in.finology.pages.OTPVerificationPage verifyOnOTPVerificationPageUnder5Seconds 55 Exception while verifying on OTP Verification Page Under 5 Seconds #3 in.finology.stepDefns.OTPVerification_Steps user_should_not_be_redirected_to_otp_verification_page 12 - WARNING</td>
</tr>

<tr>
<td>90538</td>
<td title="TestNG-PoolService-8 thread">TestNG-PoolService-8</td>
<td title="Level">INFO</td>
<td title="in.finology.stepDefns.Hooks logger">in.finology.stepDefns.Hooks</td>
<td>Base.java:140</td>
<td title="Message">Test Case Finished features/signUp.feature : Unsuccessful sign up with invalid name, valid email id and valid mobile number : 30 : @Signup, @invalid_name_signup : PASSED Examples  :: email id = randomNewEmail2423@gmail.com, mobile number = 9868546793, name = @Lakesh Sahu, message = Your name can contain only alphabets., </td>
</tr>

<tr>
<td>96513</td>
<td title="TestNG-PoolService-9 thread">TestNG-PoolService-9</td>
<td title="Level"><font color="#993300"><strong>WARN</strong></font></td>
<td title="in.finology.utils.CustomAsserts logger">in.finology.utils.CustomAsserts</td>
<td>CustomAsserts.java:124</td>
<td title="Message">Custom Assert : java.lang.AssertionError Throwable Message : expected [true] but found [false] Invalid name error message below name input box matches with &quot;Your name can contain only alphabets.&quot;<br /> #1 org.testng.Assert assertTrue 67 #2 in.finology.utils.CustomAsserts assertTrue 14 #3 in.finology.stepDefns.SignUp_Steps invalid_name_error_should_be_shown_below_name_input_box 39 - WARNING</td>
</tr>

<tr>
<td>96924</td>
<td title="TestNG-PoolService-9 thread">TestNG-PoolService-9</td>
<td title="Level">INFO</td>
<td title="in.finology.stepDefns.Hooks logger">in.finology.stepDefns.Hooks</td>
<td>Base.java:140</td>
<td title="Message">Test Case Finished features/signUp.feature : Unsuccessful sign up with invalid name, valid email id and valid mobile number : 31 : @Signup, @invalid_name_signup : FAILED Examples  :: email id = randomNewEmailMe2123@gmail.com, mobile number = 1257465983, name = Raj$User12, message = Your name can contain only alphabets., </td>
</tr>

<tr>
<td>98582</td>
<td title="TestNG-PoolService-5 thread">TestNG-PoolService-5</td>
<td title="Level"><font color="#993300"><strong>WARN</strong></font></td>
<td title="in.finology.pages.OTPVerificationPage logger">in.finology.pages.OTPVerificationPage</td>
<td>Base.java:162</td>
<td title="Message">org.openqa.selenium.TimeoutException Throwable Message : Expected condition failed: waiting for url to contain &quot;https://www.finology.in/verification&quot;. Current url: &quot;https://www.finology.in/signup&quot; (tried for 15 second(s) with 500 milliseconds interval)<br /> #1 org.openqa.selenium.support.ui.FluentWait until 228 #2 in.finology.pages.OTPVerificationPage verifyOnOTPVerificationPage 64 Exception while verifying on OTP Verification Page #3 in.finology.stepDefns.OTPVerification_Steps user_should_redirect_to_otp_verification_page 17 - WARNING</td>
</tr>

<tr>
<td>98946</td>
<td title="TestNG-PoolService-5 thread">TestNG-PoolService-5</td>
<td title="Level"><font color="#993300"><strong>WARN</strong></font></td>
<td title="in.finology.utils.CustomAsserts logger">in.finology.utils.CustomAsserts</td>
<td>CustomAsserts.java:124</td>
<td title="Message">Custom Assert : java.lang.AssertionError Throwable Message : expected [true] but found [false] User is redirected to OTP Verification Page with valid user credentials<br /> #1 org.testng.Assert assertTrue 67 #2 in.finology.utils.CustomAsserts assertTrue 14 #3 in.finology.stepDefns.OTPVerification_Steps user_should_redirect_to_otp_verification_page 17 - WARNING</td>
</tr>

<tr>
<td>99545</td>
<td title="TestNG-PoolService-5 thread">TestNG-PoolService-5</td>
<td title="Level">INFO</td>
<td title="in.finology.stepDefns.Hooks logger">in.finology.stepDefns.Hooks</td>
<td>Base.java:140</td>
<td title="Message">Test Case Finished features/signUp.feature : Successful sign up with valid name, valid email and valid mobile number : 18 : @Signup, @successful_signup : FAILED Examples  :: email id = testuserrieeeeeeeeeeeee2726@gmail.com, mobile number = 9437525638, name = TestUserRieeeeeeeeeeeee, </td>
</tr>

<tr>
<td>101351</td>
<td title="TestNG-PoolService-4 thread">TestNG-PoolService-4</td>
<td title="Level"><font color="#993300"><strong>WARN</strong></font></td>
<td title="in.finology.pages.OTPVerificationPage logger">in.finology.pages.OTPVerificationPage</td>
<td>Base.java:162</td>
<td title="Message">org.openqa.selenium.TimeoutException Throwable Message : Expected condition failed: waiting for url to contain &quot;https://www.finology.in/verification&quot;. Current url: &quot;https://www.finology.in/signup&quot; (tried for 15 second(s) with 500 milliseconds interval)<br /> #1 org.openqa.selenium.support.ui.FluentWait until 228 #2 in.finology.pages.OTPVerificationPage verifyOnOTPVerificationPage 64 Exception while verifying on OTP Verification Page #3 in.finology.stepDefns.OTPVerification_Steps user_should_redirect_to_otp_verification_page 17 - WARNING</td>
</tr>

<tr>
<td>101729</td>
<td title="TestNG-PoolService-4 thread">TestNG-PoolService-4</td>
<td title="Level"><font color="#993300"><strong>WARN</strong></font></td>
<td title="in.finology.utils.CustomAsserts logger">in.finology.utils.CustomAsserts</td>
<td>CustomAsserts.java:124</td>
<td title="Message">Custom Assert : java.lang.AssertionError Throwable Message : expected [true] but found [false] User is redirected to OTP Verification Page with valid user credentials<br /> #1 org.testng.Assert assertTrue 67 #2 in.finology.utils.CustomAsserts assertTrue 14 #3 in.finology.stepDefns.OTPVerification_Steps user_should_redirect_to_otp_verification_page 17 - WARNING</td>
</tr>

<tr>
<td>102922</td>
<td title="TestNG-PoolService-4 thread">TestNG-PoolService-4</td>
<td title="Level">INFO</td>
<td title="in.finology.stepDefns.Hooks logger">in.finology.stepDefns.Hooks</td>
<td>Base.java:140</td>
<td title="Message">Test Case Finished features/signUp.feature : Successful sign up with valid name, valid email and valid mobile number : 19 : @Signup, @successful_signup : FAILED Examples  :: email id = reriserrrrrrrrrrrrrrruserEmailMe2122@gmail.com, mobile number = 8335957041, name = Reriserrrrrrrrrrrrrr, </td>
</tr>

<tr>
<td>105945</td>
<td title="TestNG-PoolService-10 thread">TestNG-PoolService-10</td>
<td title="Level"><font color="#993300"><strong>WARN</strong></font></td>
<td title="in.finology.pages.OTPVerificationPage logger">in.finology.pages.OTPVerificationPage</td>
<td>Base.java:162</td>
<td title="Message">org.openqa.selenium.TimeoutException Throwable Message : Expected condition failed: waiting for url to contain &quot;https://www.finology.in/verification&quot;. Current url: &quot;https://www.finology.in/signup&quot; (tried for 5 second(s) with 500 milliseconds interval)<br /> #1 org.openqa.selenium.support.ui.FluentWait until 228 #2 in.finology.pages.OTPVerificationPage verifyOnOTPVerificationPageUnder5Seconds 55 Exception while verifying on OTP Verification Page Under 5 Seconds #3 in.finology.stepDefns.OTPVerification_Steps user_should_not_be_redirected_to_otp_verification_page 12 - WARNING</td>
</tr>

<tr>
<td>106494</td>
<td title="TestNG-PoolService-10 thread">TestNG-PoolService-10</td>
<td title="Level">INFO</td>
<td title="in.finology.stepDefns.Hooks logger">in.finology.stepDefns.Hooks</td>
<td>Base.java:140</td>
<td title="Message">Test Case Finished features/signUp.feature : Unsuccessful sign up with invalid name, valid email id and valid mobile number : 42 : @Signup, @invalid_name_signup : PASSED Examples  :: email id = lakeshsahu758@gmail.com, mobile number = 5784692345, name = , message = *Required, </td>
</tr>

<tr>
<td>113427</td>
<td title="TestNG-PoolService-2 thread">TestNG-PoolService-2</td>
<td title="Level"><font color="#993300"><strong>WARN</strong></font></td>
<td title="in.finology.pages.OTPVerificationPage logger">in.finology.pages.OTPVerificationPage</td>
<td>Base.java:162</td>
<td title="Message">org.openqa.selenium.TimeoutException Throwable Message : Expected condition failed: waiting for url to contain &quot;https://www.finology.in/verification&quot;. Current url: &quot;https://www.finology.in/signup&quot; (tried for 5 second(s) with 500 milliseconds interval)<br /> #1 org.openqa.selenium.support.ui.FluentWait until 228 #2 in.finology.pages.OTPVerificationPage verifyOnOTPVerificationPageUnder5Seconds 55 Exception while verifying on OTP Verification Page Under 5 Seconds #3 in.finology.stepDefns.OTPVerification_Steps user_should_not_be_redirected_to_otp_verification_page 12 - WARNING</td>
</tr>

<tr>
<td>114031</td>
<td title="TestNG-PoolService-2 thread">TestNG-PoolService-2</td>
<td title="Level">INFO</td>
<td title="in.finology.stepDefns.Hooks logger">in.finology.stepDefns.Hooks</td>
<td>Base.java:140</td>
<td title="Message">Test Case Finished features/signUp.feature : Unsuccessful sign up with valid name, invalid email id and valid mobile number : 53 : @Signup, @invalid_email_signup : PASSED Examples  :: email id = rita2056gmail.com, mobile number = 9868546756, name = Rita, message2 = Please enter a valid email address., message1 = Invalid Email, </td>
</tr>

<tr>
<td>114182</td>
<td title="TestNG-PoolService-3 thread">TestNG-PoolService-3</td>
<td title="Level"><font color="#993300"><strong>WARN</strong></font></td>
<td title="in.finology.pages.OTPVerificationPage logger">in.finology.pages.OTPVerificationPage</td>
<td>Base.java:162</td>
<td title="Message">org.openqa.selenium.TimeoutException Throwable Message : Expected condition failed: waiting for url to contain &quot;https://www.finology.in/verification&quot;. Current url: &quot;https://www.finology.in/signup&quot; (tried for 5 second(s) with 500 milliseconds interval)<br /> #1 org.openqa.selenium.support.ui.FluentWait until 228 #2 in.finology.pages.OTPVerificationPage verifyOnOTPVerificationPageUnder5Seconds 55 Exception while verifying on OTP Verification Page Under 5 Seconds #3 in.finology.stepDefns.OTPVerification_Steps user_should_not_be_redirected_to_otp_verification_page 12 - WARNING</td>
</tr>

<tr>
<td>114668</td>
<td title="TestNG-PoolService-3 thread">TestNG-PoolService-3</td>
<td title="Level">INFO</td>
<td title="in.finology.stepDefns.Hooks logger">in.finology.stepDefns.Hooks</td>
<td>Base.java:140</td>
<td title="Message">Test Case Finished features/signUp.feature : Unsuccessful sign up with valid name, invalid email id and valid mobile number : 54 : @Signup, @invalid_email_signup : PASSED Examples  :: email id = shyammaster675@gmail, mobile number = 1257465943, name = Ram Shyam, message2 = Please enter a valid email address., message1 = Invalid Email, </td>
</tr>

<tr>
<td>116070</td>
<td title="TestNG-PoolService-7 thread">TestNG-PoolService-7</td>
<td title="Level"><font color="#993300"><strong>WARN</strong></font></td>
<td title="in.finology.pages.OTPVerificationPage logger">in.finology.pages.OTPVerificationPage</td>
<td>Base.java:162</td>
<td title="Message">org.openqa.selenium.TimeoutException Throwable Message : Expected condition failed: waiting for url to contain &quot;https://www.finology.in/verification&quot;. Current url: &quot;https://www.finology.in/signup&quot; (tried for 5 second(s) with 500 milliseconds interval)<br /> #1 org.openqa.selenium.support.ui.FluentWait until 228 #2 in.finology.pages.OTPVerificationPage verifyOnOTPVerificationPageUnder5Seconds 55 Exception while verifying on OTP Verification Page Under 5 Seconds #3 in.finology.stepDefns.OTPVerification_Steps user_should_not_be_redirected_to_otp_verification_page 12 - WARNING</td>
</tr>

<tr>
<td>116446</td>
<td title="TestNG-PoolService-7 thread">TestNG-PoolService-7</td>
<td title="Level">INFO</td>
<td title="in.finology.stepDefns.Hooks logger">in.finology.stepDefns.Hooks</td>
<td>Base.java:140</td>
<td title="Message">Test Case Finished features/signUp.feature : Unsuccessful sign up with valid name, invalid email id and valid mobile number : 55 : @Signup, @invalid_email_signup : PASSED Examples  :: email id = , mobile number = 8646597458, name = Hitesh, message2 = *Required, message1 = *Required, </td>
</tr>

<tr>
<td>133538</td>
<td title="TestNG-PoolService-1 thread">TestNG-PoolService-1</td>
<td title="Level"><font color="#993300"><strong>WARN</strong></font></td>
<td title="in.finology.pages.LoginPage logger">in.finology.pages.LoginPage</td>
<td>Base.java:162</td>
<td title="Message">org.openqa.selenium.TimeoutException Throwable Message : Expected condition failed: waiting for url to match the regex &quot;https://www.finology.in/login(?!/auth)&quot;. Current url: &quot;https://www.finology.in/signup&quot; (tried for 15 second(s) with 500 milliseconds interval)<br /> #1 org.openqa.selenium.support.ui.FluentWait until 228 #2 in.finology.pages.LoginPage verifyOnLoginPage 79 Exception while verifying on Login Page #3 in.finology.stepDefns.Login_Steps user_should_be_redirected_to_login_page 25 - WARNING</td>
</tr>

<tr>
<td>133708</td>
<td title="TestNG-PoolService-1 thread">TestNG-PoolService-1</td>
<td title="Level"><font color="#993300"><strong>WARN</strong></font></td>
<td title="in.finology.utils.CustomAsserts logger">in.finology.utils.CustomAsserts</td>
<td>CustomAsserts.java:124</td>
<td title="Message">Custom Assert : java.lang.AssertionError Throwable Message : expected [true] but found [false] User is redirected to Login Page after clicking Signup button<br /> #1 org.testng.Assert assertTrue 67 #2 in.finology.utils.CustomAsserts assertTrue 14 #3 in.finology.stepDefns.Login_Steps user_should_be_redirected_to_login_page 25 - WARNING</td>
</tr>

<tr>
<td>133778</td>
<td title="TestNG-PoolService-6 thread">TestNG-PoolService-6</td>
<td title="Level"><font color="#993300"><strong>WARN</strong></font></td>
<td title="in.finology.pages.LoginPage logger">in.finology.pages.LoginPage</td>
<td>Base.java:162</td>
<td title="Message">org.openqa.selenium.TimeoutException Throwable Message : Expected condition failed: waiting for url to match the regex &quot;https://www.finology.in/login(?!/auth)&quot;. Current url: &quot;https://www.finology.in/signup&quot; (tried for 15 second(s) with 500 milliseconds interval)<br /> #1 org.openqa.selenium.support.ui.FluentWait until 228 #2 in.finology.pages.LoginPage verifyOnLoginPage 79 Exception while verifying on Login Page #3 in.finology.stepDefns.Login_Steps user_should_be_redirected_to_login_page 25 - WARNING</td>
</tr>

<tr>
<td>133947</td>
<td title="TestNG-PoolService-6 thread">TestNG-PoolService-6</td>
<td title="Level"><font color="#993300"><strong>WARN</strong></font></td>
<td title="in.finology.utils.CustomAsserts logger">in.finology.utils.CustomAsserts</td>
<td>CustomAsserts.java:124</td>
<td title="Message">Custom Assert : java.lang.AssertionError Throwable Message : expected [true] but found [false] User is redirected to Login Page after clicking Signup button<br /> #1 org.testng.Assert assertTrue 67 #2 in.finology.utils.CustomAsserts assertTrue 14 #3 in.finology.stepDefns.Login_Steps user_should_be_redirected_to_login_page 25 - WARNING</td>
</tr>

<tr>
<td>134039</td>
<td title="TestNG-PoolService-1 thread">TestNG-PoolService-1</td>
<td title="Level">INFO</td>
<td title="in.finology.stepDefns.Hooks logger">in.finology.stepDefns.Hooks</td>
<td>Base.java:140</td>
<td title="Message">Test Case Finished features/signUp.feature : Unsuccessful sign up with valid name, duplicate email or duplicate mobile number : 69 : @Signup, @unsuccessful_duplicate_account_signup : FAILED Examples  :: email id = testuserrieeeeeeeeeeeee2726@gmail.com, mobile number = 5598705134, name = TestUserRieeeeeeeeeeeee, </td>
</tr>

<tr>
<td>134322</td>
<td title="TestNG-PoolService-6 thread">TestNG-PoolService-6</td>
<td title="Level">INFO</td>
<td title="in.finology.stepDefns.Hooks logger">in.finology.stepDefns.Hooks</td>
<td>Base.java:140</td>
<td title="Message">Test Case Finished features/signUp.feature : Unsuccessful sign up with valid name, duplicate email or duplicate mobile number : 70 : @Signup, @unsuccessful_duplicate_account_signup : FAILED Examples  :: email id = otherneewuueeemail211317@gmail.com, mobile number = 8335957041, name = Reriserrrrrrrrrrrrrr, </td>
</tr>

<tr>
<td>136110</td>
<td title="TestNG-PoolService-8 thread">TestNG-PoolService-8</td>
<td title="Level"><font color="#993300"><strong>WARN</strong></font></td>
<td title="in.finology.pages.LoginPage logger">in.finology.pages.LoginPage</td>
<td>Base.java:162</td>
<td title="Message">org.openqa.selenium.TimeoutException Throwable Message : Expected condition failed: waiting for url to match the regex &quot;https://www.finology.in/login(?!/auth)&quot;. Current url: &quot;https://www.finology.in/signup&quot; (tried for 15 second(s) with 500 milliseconds interval)<br /> #1 org.openqa.selenium.support.ui.FluentWait until 228 #2 in.finology.pages.LoginPage verifyOnLoginPage 79 Exception while verifying on Login Page #3 in.finology.stepDefns.Login_Steps user_should_be_redirected_to_login_page 25 - WARNING</td>
</tr>

<tr>
<td>136292</td>
<td title="TestNG-PoolService-8 thread">TestNG-PoolService-8</td>
<td title="Level"><font color="#993300"><strong>WARN</strong></font></td>
<td title="in.finology.utils.CustomAsserts logger">in.finology.utils.CustomAsserts</td>
<td>CustomAsserts.java:124</td>
<td title="Message">Custom Assert : java.lang.AssertionError Throwable Message : expected [true] but found [false] User is redirected to Login Page after clicking Signup button<br /> #1 org.testng.Assert assertTrue 67 #2 in.finology.utils.CustomAsserts assertTrue 14 #3 in.finology.stepDefns.Login_Steps user_should_be_redirected_to_login_page 25 - WARNING</td>
</tr>

<tr>
<td>136648</td>
<td title="TestNG-PoolService-8 thread">TestNG-PoolService-8</td>
<td title="Level">INFO</td>
<td title="in.finology.stepDefns.Hooks logger">in.finology.stepDefns.Hooks</td>
<td>Base.java:140</td>
<td title="Message">Test Case Finished features/signUp.feature : Unsuccessful sign up with valid name, duplicate email or duplicate mobile number : 71 : @Signup, @unsuccessful_duplicate_account_signup : FAILED Examples  :: email id = reriserrrrrrrrrrrrrrruserEmailMe2122@gmail.com, mobile number = 8335957041, name = Reriserrrrrrrrrrrrrr, </td>
</tr>
</table>
<br>
</body></html>
