<!DOCTYPE HTML PUBLIC "-//W3C//DTD HTML 4.01 Transitional//EN" "http://www.w3.org/TR/html4/loose.dtd">
<html>
<head>
<meta charset="UTF-8"/>
<title>Finology Application Log</title>
<style type="text/css">
<!--
body, table {font-family:arial,sans-serif; font-size: medium
;}th {background: #336699; color: #FFFFFF; text-align: left;}
-->
</style>
</head>
<body bgcolor="#FFFFFF" topmargin="6" leftmargin="6">
<hr size="1" noshade="noshade">
Log session start time Fri Jun 20 00:10:37 IST 2025<br>
<br>
<table cellspacing="0" cellpadding="4" border="1" bordercolor="#224466" width="100%">
<tr>
<th>Time</th>
<th>Thread</th>
<th>Level</th>
<th>Logger</th>
<th>File:Line</th>
<th>Message</th>
</tr>

<tr>
<td>23417</td>
<td title="TestNG-PoolService-5 thread">TestNG-PoolService-5</td>
<td title="Level">INFO</td>
<td title="in.finology.hooks.Hooks logger">in.finology.hooks.Hooks</td>
<td>Base.java:152</td>
<td title="Message">Test Case Finished features/login.feature : Unsuccessful login with invalid or empty mobile number : 18 : @login, @unsuccessful_login : PASSED Examples  :: mobile number = , message = *Required, </td>
</tr>

<tr>
<td>23788</td>
<td title="TestNG-PoolService-4 thread">TestNG-PoolService-4</td>
<td title="Level">INFO</td>
<td title="in.finology.hooks.Hooks logger">in.finology.hooks.Hooks</td>
<td>Base.java:152</td>
<td title="Message">Test Case Finished features/login.feature : Unsuccessful login with invalid or empty mobile number : 17 : @login, @unsuccessful_login : PASSED Examples  :: mobile number = @$#637*, message = Invalid Mobile, </td>
</tr>

<tr>
<td>35990</td>
<td title="TestNG-PoolService-9 thread">TestNG-PoolService-9</td>
<td title="Level">INFO</td>
<td title="in.finology.hooks.Hooks logger">in.finology.hooks.Hooks</td>
<td>Base.java:152</td>
<td title="Message">Test Case Finished features/login.feature : Successful login with registered mobile number, email and password by clicking Login with Email button : 55 : @login, @successful_login2 : PASSED Examples  :: password = finTestUserAcology, mobile number or email = 5846975120, </td>
</tr>

<tr>
<td>42772</td>
<td title="TestNG-PoolService-10 thread">TestNG-PoolService-10</td>
<td title="Level"><font color="#993300"><strong>WARN</strong></font></td>
<td title="in.finology.pages.AccountDashboardPage logger">in.finology.pages.AccountDashboardPage</td>
<td>Base.java:173</td>
<td title="Message">org.openqa.selenium.TimeoutException Throwable Message : Expected condition failed: waiting for url to be &quot;https://www.finology.in/account/dashboard&quot;. Current url: &quot;https://www.finology.in/login/auth&quot; (tried for 15 second(s) with 500 milliseconds interval)<br /> #1 org.openqa.selenium.support.ui.FluentWait until 228 #2 in.finology.pages.AccountDashboardPage verifyOnDashboardPage 110 Exception while verifying on Account Dashboard Page #3 in.finology.stepDefns.AccountDashboard_Steps user_should_be_redirected_to_account_dashboard_page 25 - WARNING</td>
</tr>

<tr>
<td>43140</td>
<td title="TestNG-PoolService-10 thread">TestNG-PoolService-10</td>
<td title="Level"><font color="#993300"><strong>WARN</strong></font></td>
<td title="in.finology.utils.CustomAsserts logger">in.finology.utils.CustomAsserts</td>
<td>CustomAsserts.java:124</td>
<td title="Message">Custom Assert : java.lang.AssertionError Throwable Message : expected [true] but found [false] User is on Account Dashboard Page<br /> #1 org.testng.Assert assertTrue 67 #2 in.finology.utils.CustomAsserts assertTrue 14 #3 in.finology.stepDefns.AccountDashboard_Steps user_should_be_redirected_to_account_dashboard_page 25 - WARNING</td>
</tr>

<tr>
<td>43851</td>
<td title="TestNG-PoolService-10 thread">TestNG-PoolService-10</td>
<td title="Level">INFO</td>
<td title="in.finology.hooks.Hooks logger">in.finology.hooks.Hooks</td>
<td>Base.java:152</td>
<td title="Message">Test Case Finished features/login.feature : Successful login with registered mobile number, email and password by clicking Login with Email button : 56 : @login, @successful_login2 : FAILED Examples  :: password = finTestUserAcology, mobile number or email = testuserac121@gmail.com, </td>
</tr>

<tr>
<td>44054</td>
<td title="TestNG-PoolService-8 thread">TestNG-PoolService-8</td>
<td title="Level"><font color="#993300"><strong>WARN</strong></font></td>
<td title="in.finology.pages.AccountDashboardPage logger">in.finology.pages.AccountDashboardPage</td>
<td>Base.java:173</td>
<td title="Message">org.openqa.selenium.TimeoutException Throwable Message : Expected condition failed: waiting for url to be &quot;https://www.finology.in/account/dashboard&quot;. Current url: &quot;https://www.finology.in/login/auth&quot; (tried for 15 second(s) with 500 milliseconds interval)<br /> #1 org.openqa.selenium.support.ui.FluentWait until 228 #2 in.finology.pages.AccountDashboardPage verifyOnDashboardPage 110 Exception while verifying on Account Dashboard Page #3 in.finology.stepDefns.AccountDashboard_Steps user_should_be_redirected_to_account_dashboard_page 25 - WARNING</td>
</tr>

<tr>
<td>44421</td>
<td title="TestNG-PoolService-8 thread">TestNG-PoolService-8</td>
<td title="Level"><font color="#993300"><strong>WARN</strong></font></td>
<td title="in.finology.utils.CustomAsserts logger">in.finology.utils.CustomAsserts</td>
<td>CustomAsserts.java:124</td>
<td title="Message">Custom Assert : java.lang.AssertionError Throwable Message : expected [true] but found [false] User is on Account Dashboard Page<br /> #1 org.testng.Assert assertTrue 67 #2 in.finology.utils.CustomAsserts assertTrue 14 #3 in.finology.stepDefns.AccountDashboard_Steps user_should_be_redirected_to_account_dashboard_page 25 - WARNING</td>
</tr>

<tr>
<td>45490</td>
<td title="TestNG-PoolService-8 thread">TestNG-PoolService-8</td>
<td title="Level">INFO</td>
<td title="in.finology.hooks.Hooks logger">in.finology.hooks.Hooks</td>
<td>Base.java:152</td>
<td title="Message">Test Case Finished features/login.feature : Successful login with registered mobile number, email and password : 40 : @login, @successful_login : FAILED Examples  :: password = finTestUserAcology, mobile number = 5846975120, mobile number or email = testuserac121@gmail.com, </td>
</tr>

<tr>
<td>46118</td>
<td title="TestNG-PoolService-7 thread">TestNG-PoolService-7</td>
<td title="Level">INFO</td>
<td title="in.finology.hooks.Hooks logger">in.finology.hooks.Hooks</td>
<td>Base.java:152</td>
<td title="Message">Test Case Finished features/login.feature : Successful login with registered mobile number, email and password : 39 : @login, @successful_login : PASSED Examples  :: password = finTestUserAcology, mobile number = 5846975120, mobile number or email = 5846975120, </td>
</tr>

<tr>
<td>55407</td>
<td title="TestNG-PoolService-2 thread">TestNG-PoolService-2</td>
<td title="Level"><font color="#993300"><strong>WARN</strong></font></td>
<td title="in.finology.pages.AccountDashboardPage logger">in.finology.pages.AccountDashboardPage</td>
<td>Base.java:173</td>
<td title="Message">org.openqa.selenium.TimeoutException Throwable Message : Expected condition failed: waiting for url to be &quot;https://www.finology.in/account/dashboard&quot;. Current url: &quot;https://www.finology.in/login/auth&quot; (tried for 15 second(s) with 500 milliseconds interval)<br /> #1 org.openqa.selenium.support.ui.FluentWait until 228 #2 in.finology.pages.AccountDashboardPage verifyOnDashboardPage 110 Exception while verifying on Account Dashboard Page #3 in.finology.stepDefns.AccountDashboard_Steps userIsLoggedInAndOnAccountDashboardPage 20 - WARNING</td>
</tr>

<tr>
<td>55945</td>
<td title="TestNG-PoolService-2 thread">TestNG-PoolService-2</td>
<td title="Level"><font color="#993300"><strong>WARN</strong></font></td>
<td title="in.finology.utils.CustomAsserts logger">in.finology.utils.CustomAsserts</td>
<td>CustomAsserts.java:124</td>
<td title="Message">Custom Assert : java.lang.AssertionError Throwable Message : expected [true] but found [false] User is on Dashboard Page and logged in<br /> #1 org.testng.Assert assertTrue 67 #2 in.finology.utils.CustomAsserts assertTrue 14 #3 in.finology.stepDefns.AccountDashboard_Steps userIsLoggedInAndOnAccountDashboardPage 20 - WARNING</td>
</tr>

<tr>
<td>57020</td>
<td title="TestNG-PoolService-2 thread">TestNG-PoolService-2</td>
<td title="Level">INFO</td>
<td title="in.finology.hooks.Hooks logger">in.finology.hooks.Hooks</td>
<td>Base.java:152</td>
<td title="Message">Test Case Finished features/accountdashboard.feature : All user photo element should be displayed on dashboard page : 14 : @account_dashboard : FAILED Examples  :: mobileNumberOrEmail = testuserac121@gmail.com, password = finTestUserAcology, </td>
</tr>

<tr>
<td>59605</td>
<td title="TestNG-PoolService-3 thread">TestNG-PoolService-3</td>
<td title="Level"><font color="#993300"><strong>WARN</strong></font></td>
<td title="in.finology.pages.AccountDashboardPage logger">in.finology.pages.AccountDashboardPage</td>
<td>Base.java:173</td>
<td title="Message">org.openqa.selenium.TimeoutException Throwable Message : Expected condition failed: waiting for url to be &quot;https://www.finology.in/account/dashboard&quot;. Current url: &quot;https://www.finology.in/login/auth&quot; (tried for 15 second(s) with 500 milliseconds interval)<br /> #1 org.openqa.selenium.support.ui.FluentWait until 228 #2 in.finology.pages.AccountDashboardPage verifyOnDashboardPage 110 Exception while verifying on Account Dashboard Page #3 in.finology.stepDefns.AccountDashboard_Steps userIsLoggedInAndOnAccountDashboardPage 20 - WARNING</td>
</tr>

<tr>
<td>59921</td>
<td title="TestNG-PoolService-3 thread">TestNG-PoolService-3</td>
<td title="Level"><font color="#993300"><strong>WARN</strong></font></td>
<td title="in.finology.utils.CustomAsserts logger">in.finology.utils.CustomAsserts</td>
<td>CustomAsserts.java:124</td>
<td title="Message">Custom Assert : java.lang.AssertionError Throwable Message : expected [true] but found [false] User is on Dashboard Page and logged in<br /> #1 org.testng.Assert assertTrue 67 #2 in.finology.utils.CustomAsserts assertTrue 14 #3 in.finology.stepDefns.AccountDashboard_Steps userIsLoggedInAndOnAccountDashboardPage 20 - WARNING</td>
</tr>

<tr>
<td>60522</td>
<td title="TestNG-PoolService-3 thread">TestNG-PoolService-3</td>
<td title="Level">INFO</td>
<td title="in.finology.hooks.Hooks logger">in.finology.hooks.Hooks</td>
<td>Base.java:152</td>
<td title="Message">Test Case Finished features/accountdashboard.feature : Welcome message should be displayed on dashboard page : 28 : @account_dashboard : FAILED Examples  :: mobileNumberOrEmail = testuserac121@gmail.com, password = finTestUserAcology, </td>
</tr>

<tr>
<td>65483</td>
<td title="TestNG-PoolService-1 thread">TestNG-PoolService-1</td>
<td title="Level"><font color="#993300"><strong>WARN</strong></font></td>
<td title="in.finology.pages.AccountDashboardPage logger">in.finology.pages.AccountDashboardPage</td>
<td>Base.java:173</td>
<td title="Message">org.openqa.selenium.TimeoutException Throwable Message : Expected condition failed: waiting for url to be &quot;https://www.finology.in/account/dashboard&quot;. Current url: &quot;https://www.finology.in/login/auth&quot; (tried for 15 second(s) with 500 milliseconds interval)<br /> #1 org.openqa.selenium.support.ui.FluentWait until 228 #2 in.finology.pages.AccountDashboardPage verifyOnDashboardPage 110 Exception while verifying on Account Dashboard Page #3 in.finology.stepDefns.AccountDashboard_Steps userIsLoggedInAndOnAccountDashboardPage 20 - WARNING</td>
</tr>

<tr>
<td>66716</td>
<td title="TestNG-PoolService-1 thread">TestNG-PoolService-1</td>
<td title="Level"><font color="#993300"><strong>WARN</strong></font></td>
<td title="in.finology.utils.CustomAsserts logger">in.finology.utils.CustomAsserts</td>
<td>CustomAsserts.java:124</td>
<td title="Message">Custom Assert : java.lang.AssertionError Throwable Message : expected [true] but found [false] User is on Dashboard Page and logged in<br /> #1 org.testng.Assert assertTrue 67 #2 in.finology.utils.CustomAsserts assertTrue 14 #3 in.finology.stepDefns.AccountDashboard_Steps userIsLoggedInAndOnAccountDashboardPage 20 - WARNING</td>
</tr>

<tr>
<td>67580</td>
<td title="TestNG-PoolService-1 thread">TestNG-PoolService-1</td>
<td title="Level">INFO</td>
<td title="in.finology.hooks.Hooks logger">in.finology.hooks.Hooks</td>
<td>Base.java:152</td>
<td title="Message">Test Case Finished features/accountdashboard.feature : All dashboard element should be displayed on dashboard page : 8 : @account_dashboard : FAILED Examples  :: mobileNumberOrEmail = testuserac121@gmail.com, password = finTestUserAcology, </td>
</tr>

<tr>
<td>67682</td>
<td title="TestNG-PoolService-6 thread">TestNG-PoolService-6</td>
<td title="Level">INFO</td>
<td title="in.finology.hooks.Hooks logger">in.finology.hooks.Hooks</td>
<td>Base.java:152</td>
<td title="Message">Test Case Finished features/login.feature : Unsuccessful login with new mobile number : 21 : @login, @unsuccessful_login_with_new_mobile : PASSED Examples  :: mobile number = 3091573576, </td>
</tr>

<tr>
<td>77468</td>
<td title="TestNG-PoolService-4 thread">TestNG-PoolService-4</td>
<td title="Level"><font color="#993300"><strong>WARN</strong></font></td>
<td title="in.finology.pages.OTPVerificationPage logger">in.finology.pages.OTPVerificationPage</td>
<td>Base.java:173</td>
<td title="Message">org.openqa.selenium.TimeoutException Throwable Message : Expected condition failed: waiting for url to contain &quot;https://www.finology.in/verification&quot;. Current url: &quot;https://www.finology.in/signup&quot; (tried for 15 second(s) with 500 milliseconds interval)<br /> #1 org.openqa.selenium.support.ui.FluentWait until 228 #2 in.finology.pages.OTPVerificationPage verifyOnOTPVerificationPage 64 Exception while verifying on OTP Verification Page #3 in.finology.stepDefns.OTPVerification_Steps user_should_redirect_to_otp_verification_page 17 - WARNING</td>
</tr>

<tr>
<td>77803</td>
<td title="TestNG-PoolService-4 thread">TestNG-PoolService-4</td>
<td title="Level"><font color="#993300"><strong>WARN</strong></font></td>
<td title="in.finology.utils.CustomAsserts logger">in.finology.utils.CustomAsserts</td>
<td>CustomAsserts.java:124</td>
<td title="Message">Custom Assert : java.lang.AssertionError Throwable Message : expected [true] but found [false] User is redirected to OTP Verification Page with valid user credentials<br /> #1 org.testng.Assert assertTrue 67 #2 in.finology.utils.CustomAsserts assertTrue 14 #3 in.finology.stepDefns.OTPVerification_Steps user_should_redirect_to_otp_verification_page 17 - WARNING</td>
</tr>

<tr>
<td>78395</td>
<td title="TestNG-PoolService-5 thread">TestNG-PoolService-5</td>
<td title="Level"><font color="#993300"><strong>WARN</strong></font></td>
<td title="in.finology.pages.OTPVerificationPage logger">in.finology.pages.OTPVerificationPage</td>
<td>Base.java:173</td>
<td title="Message">org.openqa.selenium.TimeoutException Throwable Message : Expected condition failed: waiting for url to contain &quot;https://www.finology.in/verification&quot;. Current url: &quot;https://www.finology.in/signup&quot; (tried for 15 second(s) with 500 milliseconds interval)<br /> #1 org.openqa.selenium.support.ui.FluentWait until 228 #2 in.finology.pages.OTPVerificationPage verifyOnOTPVerificationPage 64 Exception while verifying on OTP Verification Page #3 in.finology.stepDefns.OTPVerification_Steps user_should_redirect_to_otp_verification_page 17 - WARNING</td>
</tr>

<tr>
<td>78411</td>
<td title="TestNG-PoolService-4 thread">TestNG-PoolService-4</td>
<td title="Level">INFO</td>
<td title="in.finology.hooks.Hooks logger">in.finology.hooks.Hooks</td>
<td>Base.java:152</td>
<td title="Message">Test Case Finished features/signUp.feature : Successful sign up with valid name, valid email and valid mobile number : 19 : @Signup, @successful_signup : FAILED Examples  :: email id = destiny.king@gmail.com, mobile number = 0065815112, name = Machelle Trantow, </td>
</tr>

<tr>
<td>78863</td>
<td title="TestNG-PoolService-5 thread">TestNG-PoolService-5</td>
<td title="Level"><font color="#993300"><strong>WARN</strong></font></td>
<td title="in.finology.utils.CustomAsserts logger">in.finology.utils.CustomAsserts</td>
<td>CustomAsserts.java:124</td>
<td title="Message">Custom Assert : java.lang.AssertionError Throwable Message : expected [true] but found [false] User is redirected to OTP Verification Page with valid user credentials<br /> #1 org.testng.Assert assertTrue 67 #2 in.finology.utils.CustomAsserts assertTrue 14 #3 in.finology.stepDefns.OTPVerification_Steps user_should_redirect_to_otp_verification_page 17 - WARNING</td>
</tr>

<tr>
<td>79670</td>
<td title="TestNG-PoolService-5 thread">TestNG-PoolService-5</td>
<td title="Level">INFO</td>
<td title="in.finology.hooks.Hooks logger">in.finology.hooks.Hooks</td>
<td>Base.java:152</td>
<td title="Message">Test Case Finished features/signUp.feature : Successful sign up with valid name, valid email and valid mobile number : 20 : @Signup, @successful_signup : FAILED Examples  :: email id = kurt.keeling@gmail.com, mobile number = 0896292574, name = Wilda Jenkins, </td>
</tr>

<tr>
<td>82452</td>
<td title="TestNG-PoolService-9 thread">TestNG-PoolService-9</td>
<td title="Level"><font color="#993300"><strong>WARN</strong></font></td>
<td title="in.finology.pages.OTPVerificationPage logger">in.finology.pages.OTPVerificationPage</td>
<td>Base.java:173</td>
<td title="Message">org.openqa.selenium.TimeoutException Throwable Message : Expected condition failed: waiting for url to contain &quot;https://www.finology.in/verification&quot;. Current url: &quot;https://www.finology.in/signup&quot; (tried for 5 second(s) with 500 milliseconds interval)<br /> #1 org.openqa.selenium.support.ui.FluentWait until 228 #2 in.finology.pages.OTPVerificationPage verifyOnOTPVerificationPageUnder5Seconds 55 Exception while verifying on OTP Verification Page Under 5 Seconds #3 in.finology.stepDefns.OTPVerification_Steps user_should_not_be_redirected_to_otp_verification_page 12 - WARNING</td>
</tr>

<tr>
<td>83085</td>
<td title="TestNG-PoolService-9 thread">TestNG-PoolService-9</td>
<td title="Level">INFO</td>
<td title="in.finology.hooks.Hooks logger">in.finology.hooks.Hooks</td>
<td>Base.java:152</td>
<td title="Message">Test Case Finished features/signUp.feature : Unsuccessful sign up with invalid name, valid email id and valid mobile number : 35 : @Signup, @invalid_name_signup : PASSED Examples  :: email id = randomNewEmail2423@gmail.com, mobile number = 9868546793, name = @Lakesh Sahu, message = Your name can contain only alphabets., </td>
</tr>

<tr>
<td>84489</td>
<td title="TestNG-PoolService-10 thread">TestNG-PoolService-10</td>
<td title="Level"><font color="#993300"><strong>WARN</strong></font></td>
<td title="in.finology.pages.OTPVerificationPage logger">in.finology.pages.OTPVerificationPage</td>
<td>Base.java:173</td>
<td title="Message">org.openqa.selenium.TimeoutException Throwable Message : Expected condition failed: waiting for url to contain &quot;https://www.finology.in/verification&quot;. Current url: &quot;https://www.finology.in/signup&quot; (tried for 5 second(s) with 500 milliseconds interval)<br /> #1 org.openqa.selenium.support.ui.FluentWait until 228 #2 in.finology.pages.OTPVerificationPage verifyOnOTPVerificationPageUnder5Seconds 55 Exception while verifying on OTP Verification Page Under 5 Seconds #3 in.finology.stepDefns.OTPVerification_Steps user_should_not_be_redirected_to_otp_verification_page 12 - WARNING</td>
</tr>

<tr>
<td>85175</td>
<td title="TestNG-PoolService-10 thread">TestNG-PoolService-10</td>
<td title="Level">INFO</td>
<td title="in.finology.hooks.Hooks logger">in.finology.hooks.Hooks</td>
<td>Base.java:152</td>
<td title="Message">Test Case Finished features/signUp.feature : Unsuccessful sign up with invalid name, valid email id and valid mobile number : 36 : @Signup, @invalid_name_signup : PASSED Examples  :: email id = randomNewEmailMe2123@gmail.com, mobile number = 1257465983, name = Rajq$User12, message = Your name can contain only alphabets., </td>
</tr>

<tr>
<td>90661</td>
<td title="TestNG-PoolService-8 thread">TestNG-PoolService-8</td>
<td title="Level"><font color="#993300"><strong>WARN</strong></font></td>
<td title="in.finology.pages.OTPVerificationPage logger">in.finology.pages.OTPVerificationPage</td>
<td>Base.java:173</td>
<td title="Message">org.openqa.selenium.TimeoutException Throwable Message : Expected condition failed: waiting for url to contain &quot;https://www.finology.in/verification&quot;. Current url: &quot;https://www.finology.in/signup&quot; (tried for 5 second(s) with 500 milliseconds interval)<br /> #1 org.openqa.selenium.support.ui.FluentWait until 228 #2 in.finology.pages.OTPVerificationPage verifyOnOTPVerificationPageUnder5Seconds 55 Exception while verifying on OTP Verification Page Under 5 Seconds #3 in.finology.stepDefns.OTPVerification_Steps user_should_not_be_redirected_to_otp_verification_page 12 - WARNING</td>
</tr>

<tr>
<td>91173</td>
<td title="TestNG-PoolService-8 thread">TestNG-PoolService-8</td>
<td title="Level">INFO</td>
<td title="in.finology.hooks.Hooks logger">in.finology.hooks.Hooks</td>
<td>Base.java:152</td>
<td title="Message">Test Case Finished features/signUp.feature : Unsuccessful sign up with empty name, valid email id and valid mobile number : 47 : @Signup, @invalid_name_signup : PASSED Examples  :: email id = lakeshsahu758@gmail.com, mobile number = 5784692345, name = , message = *Required, </td>
</tr>

<tr>
<td>94074</td>
<td title="TestNG-PoolService-7 thread">TestNG-PoolService-7</td>
<td title="Level"><font color="#993300"><strong>WARN</strong></font></td>
<td title="in.finology.pages.OTPVerificationPage logger">in.finology.pages.OTPVerificationPage</td>
<td>Base.java:173</td>
<td title="Message">org.openqa.selenium.TimeoutException Throwable Message : Expected condition failed: waiting for url to contain &quot;https://www.finology.in/verification&quot;. Current url: &quot;https://www.finology.in/signup&quot; (tried for 5 second(s) with 500 milliseconds interval)<br /> #1 org.openqa.selenium.support.ui.FluentWait until 228 #2 in.finology.pages.OTPVerificationPage verifyOnOTPVerificationPageUnder5Seconds 55 Exception while verifying on OTP Verification Page Under 5 Seconds #3 in.finology.stepDefns.OTPVerification_Steps user_should_not_be_redirected_to_otp_verification_page 12 - WARNING</td>
</tr>

<tr>
<td>94633</td>
<td title="TestNG-PoolService-7 thread">TestNG-PoolService-7</td>
<td title="Level">INFO</td>
<td title="in.finology.hooks.Hooks logger">in.finology.hooks.Hooks</td>
<td>Base.java:152</td>
<td title="Message">Test Case Finished features/signUp.feature : Unsuccessful sign up with valid name, invalid email id and valid mobile number : 58 : @Signup, @invalid_email_signup : PASSED Examples  :: email id = rita2056gmail.com, mobile number = 9868546756, name = Rita, message2 = Please enter a valid email address., message1 = Invalid Email, </td>
</tr>

<tr>
<td>101947</td>
<td title="TestNG-PoolService-3 thread">TestNG-PoolService-3</td>
<td title="Level"><font color="#993300"><strong>WARN</strong></font></td>
<td title="in.finology.pages.OTPVerificationPage logger">in.finology.pages.OTPVerificationPage</td>
<td>Base.java:173</td>
<td title="Message">org.openqa.selenium.TimeoutException Throwable Message : Expected condition failed: waiting for url to contain &quot;https://www.finology.in/verification&quot;. Current url: &quot;https://www.finology.in/signup&quot; (tried for 5 second(s) with 500 milliseconds interval)<br /> #1 org.openqa.selenium.support.ui.FluentWait until 228 #2 in.finology.pages.OTPVerificationPage verifyOnOTPVerificationPageUnder5Seconds 55 Exception while verifying on OTP Verification Page Under 5 Seconds #3 in.finology.stepDefns.OTPVerification_Steps user_should_not_be_redirected_to_otp_verification_page 12 - WARNING</td>
</tr>

<tr>
<td>102454</td>
<td title="TestNG-PoolService-2 thread">TestNG-PoolService-2</td>
<td title="Level"><font color="#993300"><strong>WARN</strong></font></td>
<td title="in.finology.pages.OTPVerificationPage logger">in.finology.pages.OTPVerificationPage</td>
<td>Base.java:173</td>
<td title="Message">org.openqa.selenium.TimeoutException Throwable Message : Expected condition failed: waiting for url to contain &quot;https://www.finology.in/verification&quot;. Current url: &quot;https://www.finology.in/signup&quot; (tried for 5 second(s) with 500 milliseconds interval)<br /> #1 org.openqa.selenium.support.ui.FluentWait until 228 #2 in.finology.pages.OTPVerificationPage verifyOnOTPVerificationPageUnder5Seconds 55 Exception while verifying on OTP Verification Page Under 5 Seconds #3 in.finology.stepDefns.OTPVerification_Steps user_should_not_be_redirected_to_otp_verification_page 12 - WARNING</td>
</tr>

<tr>
<td>102699</td>
<td title="TestNG-PoolService-3 thread">TestNG-PoolService-3</td>
<td title="Level">INFO</td>
<td title="in.finology.hooks.Hooks logger">in.finology.hooks.Hooks</td>
<td>Base.java:152</td>
<td title="Message">Test Case Finished features/signUp.feature : Unsuccessful sign up with valid name, invalid email id and valid mobile number : 60 : @Signup, @invalid_email_signup : PASSED Examples  :: email id = , mobile number = 8646597458, name = Hitesh, message2 = *Required, message1 = *Required, </td>
</tr>

<tr>
<td>103307</td>
<td title="TestNG-PoolService-2 thread">TestNG-PoolService-2</td>
<td title="Level">INFO</td>
<td title="in.finology.hooks.Hooks logger">in.finology.hooks.Hooks</td>
<td>Base.java:152</td>
<td title="Message">Test Case Finished features/signUp.feature : Unsuccessful sign up with valid name, invalid email id and valid mobile number : 59 : @Signup, @invalid_email_signup : PASSED Examples  :: email id = shyammaster675@gmail, mobile number = 1257465943, name = Ram Shyam, message2 = Please enter a valid email address., message1 = Invalid Email, </td>
</tr>

<tr>
<td>115055</td>
<td title="TestNG-PoolService-1 thread">TestNG-PoolService-1</td>
<td title="Level"><font color="#993300"><strong>WARN</strong></font></td>
<td title="in.finology.pages.LoginPage logger">in.finology.pages.LoginPage</td>
<td>Base.java:173</td>
<td title="Message">org.openqa.selenium.TimeoutException Throwable Message : Expected condition failed: waiting for url to match the regex &quot;https://www.finology.in/login(?!/auth)&quot;. Current url: &quot;https://www.finology.in/signup&quot; (tried for 15 second(s) with 500 milliseconds interval)<br /> #1 org.openqa.selenium.support.ui.FluentWait until 228 #2 in.finology.pages.LoginPage verifyOnLoginPage 79 Exception while verifying on Login Page #3 in.finology.stepDefns.Login_Steps user_should_be_redirected_to_login_page 25 - WARNING</td>
</tr>

<tr>
<td>115367</td>
<td title="TestNG-PoolService-1 thread">TestNG-PoolService-1</td>
<td title="Level"><font color="#993300"><strong>WARN</strong></font></td>
<td title="in.finology.utils.CustomAsserts logger">in.finology.utils.CustomAsserts</td>
<td>CustomAsserts.java:124</td>
<td title="Message">Custom Assert : java.lang.AssertionError Throwable Message : expected [true] but found [false] User is redirected to Login Page after clicking Signup button<br /> #1 org.testng.Assert assertTrue 67 #2 in.finology.utils.CustomAsserts assertTrue 14 #3 in.finology.stepDefns.Login_Steps user_should_be_redirected_to_login_page 25 - WARNING</td>
</tr>

<tr>
<td>115886</td>
<td title="TestNG-PoolService-1 thread">TestNG-PoolService-1</td>
<td title="Level">INFO</td>
<td title="in.finology.hooks.Hooks logger">in.finology.hooks.Hooks</td>
<td>Base.java:152</td>
<td title="Message">Test Case Finished features/signUp.feature : Unsuccessful sign up with valid name, duplicate email or duplicate mobile number : 73 : @Signup, @unsuccessful_duplicate_account_signup : FAILED Examples  :: email id = testuserrieeeeeeeeeeeee2726@gmail.com, mobile number = 5598705134, name = TestUserRieeeeeeeeeeeee, </td>
</tr>

<tr>
<td>118745</td>
<td title="TestNG-PoolService-4 thread">TestNG-PoolService-4</td>
<td title="Level"><font color="#993300"><strong>WARN</strong></font></td>
<td title="in.finology.pages.LoginPage logger">in.finology.pages.LoginPage</td>
<td>Base.java:173</td>
<td title="Message">org.openqa.selenium.TimeoutException Throwable Message : Expected condition failed: waiting for url to match the regex &quot;https://www.finology.in/login(?!/auth)&quot;. Current url: &quot;https://www.finology.in/signup&quot; (tried for 15 second(s) with 500 milliseconds interval)<br /> #1 org.openqa.selenium.support.ui.FluentWait until 228 #2 in.finology.pages.LoginPage verifyOnLoginPage 79 Exception while verifying on Login Page #3 in.finology.stepDefns.Login_Steps user_should_be_redirected_to_login_page 25 - WARNING</td>
</tr>

<tr>
<td>119008</td>
<td title="TestNG-PoolService-4 thread">TestNG-PoolService-4</td>
<td title="Level"><font color="#993300"><strong>WARN</strong></font></td>
<td title="in.finology.utils.CustomAsserts logger">in.finology.utils.CustomAsserts</td>
<td>CustomAsserts.java:124</td>
<td title="Message">Custom Assert : java.lang.AssertionError Throwable Message : expected [true] but found [false] User is redirected to Login Page after clicking Signup button<br /> #1 org.testng.Assert assertTrue 67 #2 in.finology.utils.CustomAsserts assertTrue 14 #3 in.finology.stepDefns.Login_Steps user_should_be_redirected_to_login_page 25 - WARNING</td>
</tr>

<tr>
<td>119508</td>
<td title="TestNG-PoolService-4 thread">TestNG-PoolService-4</td>
<td title="Level">INFO</td>
<td title="in.finology.hooks.Hooks logger">in.finology.hooks.Hooks</td>
<td>Base.java:152</td>
<td title="Message">Test Case Finished features/signUp.feature : Unsuccessful sign up with valid name, duplicate email or duplicate mobile number : 75 : @Signup, @unsuccessful_duplicate_account_signup : FAILED Examples  :: email id = reriserrrrrrrrrrrrrrruserEmailMe2122@gmail.com, mobile number = 8335957041, name = Reriserrrrrrrrrrrrrr, </td>
</tr>

<tr>
<td>122553</td>
<td title="TestNG-PoolService-6 thread">TestNG-PoolService-6</td>
<td title="Level"><font color="#993300"><strong>WARN</strong></font></td>
<td title="in.finology.pages.LoginPage logger">in.finology.pages.LoginPage</td>
<td>Base.java:173</td>
<td title="Message">org.openqa.selenium.TimeoutException Throwable Message : Expected condition failed: waiting for url to match the regex &quot;https://www.finology.in/login(?!/auth)&quot;. Current url: &quot;https://www.finology.in/signup&quot; (tried for 15 second(s) with 500 milliseconds interval)<br /> #1 org.openqa.selenium.support.ui.FluentWait until 228 #2 in.finology.pages.LoginPage verifyOnLoginPage 79 Exception while verifying on Login Page #3 in.finology.stepDefns.Login_Steps user_should_be_redirected_to_login_page 25 - WARNING</td>
</tr>

<tr>
<td>122843</td>
<td title="TestNG-PoolService-6 thread">TestNG-PoolService-6</td>
<td title="Level"><font color="#993300"><strong>WARN</strong></font></td>
<td title="in.finology.utils.CustomAsserts logger">in.finology.utils.CustomAsserts</td>
<td>CustomAsserts.java:124</td>
<td title="Message">Custom Assert : java.lang.AssertionError Throwable Message : expected [true] but found [false] User is redirected to Login Page after clicking Signup button<br /> #1 org.testng.Assert assertTrue 67 #2 in.finology.utils.CustomAsserts assertTrue 14 #3 in.finology.stepDefns.Login_Steps user_should_be_redirected_to_login_page 25 - WARNING</td>
</tr>

<tr>
<td>123391</td>
<td title="TestNG-PoolService-6 thread">TestNG-PoolService-6</td>
<td title="Level">INFO</td>
<td title="in.finology.hooks.Hooks logger">in.finology.hooks.Hooks</td>
<td>Base.java:152</td>
<td title="Message">Test Case Finished features/signUp.feature : Unsuccessful sign up with valid name, duplicate email or duplicate mobile number : 74 : @Signup, @unsuccessful_duplicate_account_signup : FAILED Examples  :: email id = otherneewuueeemail211317@gmail.com, mobile number = 8335957041, name = Reriserrrrrrrrrrrrrr, </td>
</tr>
</table>
<br>
</body></html>
